{"name":"hexo","hostname":"MacBook-Pro.local","pid":14164,"level":20,"msg":"Hexo version: \u001b[35m3.7.1\u001b[39m","time":"2018-08-05T16:17:45.055Z","v":0}
{"name":"hexo","hostname":"MacBook-Pro.local","pid":14164,"level":20,"msg":"Working directory: \u001b[35m~/Documents/github/hexo/blog/\u001b[39m","time":"2018-08-05T16:17:45.057Z","v":0}
{"name":"hexo","hostname":"MacBook-Pro.local","pid":14164,"level":20,"msg":"Config loaded: \u001b[35m~/Documents/github/hexo/blog/_config.yml\u001b[39m","time":"2018-08-05T16:17:45.228Z","v":0}
{"name":"hexo","hostname":"MacBook-Pro.local","pid":14164,"level":20,"msg":"Plugin loaded: \u001b[35mhexo-generator-archive\u001b[39m","time":"2018-08-05T16:17:45.245Z","v":0}
{"name":"hexo","hostname":"MacBook-Pro.local","pid":14164,"level":20,"msg":"Plugin loaded: \u001b[35mhexo-generator-category\u001b[39m","time":"2018-08-05T16:17:45.247Z","v":0}
{"name":"hexo","hostname":"MacBook-Pro.local","pid":14164,"level":20,"msg":"Plugin loaded: \u001b[35mhexo-renderer-ejs\u001b[39m","time":"2018-08-05T16:17:45.252Z","v":0}
{"name":"hexo","hostname":"MacBook-Pro.local","pid":14164,"level":20,"msg":"Plugin loaded: \u001b[35mhexo-generator-index\u001b[39m","time":"2018-08-05T16:17:45.255Z","v":0}
{"name":"hexo","hostname":"MacBook-Pro.local","pid":14164,"level":20,"msg":"Plugin loaded: \u001b[35mhexo-generator-tag\u001b[39m","time":"2018-08-05T16:17:45.256Z","v":0}
{"name":"hexo","hostname":"MacBook-Pro.local","pid":14164,"level":20,"msg":"Plugin loaded: \u001b[35mhexo-renderer-stylus\u001b[39m","time":"2018-08-05T16:17:45.258Z","v":0}
{"name":"hexo","hostname":"MacBook-Pro.local","pid":14164,"level":20,"msg":"Plugin loaded: \u001b[35mhexo-renderer-marked\u001b[39m","time":"2018-08-05T16:17:45.267Z","v":0}
{"name":"hexo","hostname":"MacBook-Pro.local","pid":14164,"level":20,"msg":"Plugin loaded: \u001b[35mhexo-server\u001b[39m","time":"2018-08-05T16:17:45.359Z","v":0}
{"name":"hexo","hostname":"MacBook-Pro.local","pid":14164,"level":20,"msg":"Script loaded: \u001b[35mthemes/next/scripts/merge-configs.js\u001b[39m","time":"2018-08-05T16:17:45.366Z","v":0}
{"name":"hexo","hostname":"MacBook-Pro.local","pid":14164,"level":20,"msg":"Script loaded: \u001b[35mthemes/next/scripts/tags/button.js\u001b[39m","time":"2018-08-05T16:17:45.366Z","v":0}
{"name":"hexo","hostname":"MacBook-Pro.local","pid":14164,"level":20,"msg":"Script loaded: \u001b[35mthemes/next/scripts/tags/center-quote.js\u001b[39m","time":"2018-08-05T16:17:45.367Z","v":0}
{"name":"hexo","hostname":"MacBook-Pro.local","pid":14164,"level":20,"msg":"Script loaded: \u001b[35mthemes/next/scripts/tags/exturl.js\u001b[39m","time":"2018-08-05T16:17:45.367Z","v":0}
{"name":"hexo","hostname":"MacBook-Pro.local","pid":14164,"level":20,"msg":"Script loaded: \u001b[35mthemes/next/scripts/tags/label.js\u001b[39m","time":"2018-08-05T16:17:45.367Z","v":0}
{"name":"hexo","hostname":"MacBook-Pro.local","pid":14164,"level":20,"msg":"Script loaded: \u001b[35mthemes/next/scripts/tags/full-image.js\u001b[39m","time":"2018-08-05T16:17:45.367Z","v":0}
{"name":"hexo","hostname":"MacBook-Pro.local","pid":14164,"level":20,"msg":"Script loaded: \u001b[35mthemes/next/scripts/tags/lazy-image.js\u001b[39m","time":"2018-08-05T16:17:45.368Z","v":0}
{"name":"hexo","hostname":"MacBook-Pro.local","pid":14164,"level":20,"msg":"Script loaded: \u001b[35mthemes/next/scripts/tags/tabs.js\u001b[39m","time":"2018-08-05T16:17:45.368Z","v":0}
{"name":"hexo","hostname":"MacBook-Pro.local","pid":14164,"level":20,"msg":"Script loaded: \u001b[35mthemes/next/scripts/tags/note.js\u001b[39m","time":"2018-08-05T16:17:45.368Z","v":0}
{"name":"hexo","hostname":"MacBook-Pro.local","pid":14164,"level":20,"msg":"Script loaded: \u001b[35mthemes/next/scripts/tags/group-pictures.js\u001b[39m","time":"2018-08-05T16:17:45.369Z","v":0}
{"name":"hexo","hostname":"MacBook-Pro.local","pid":14164,"level":20,"msg":"Script loaded: \u001b[35mthemes/next/scripts/merge.js\u001b[39m","time":"2018-08-05T16:17:45.371Z","v":0}
{"name":"hexo","hostname":"MacBook-Pro.local","pid":14164,"level":20,"msg":"Database saved","time":"2018-08-05T16:17:45.377Z","v":0}
